生成启动时间为 2018/10/17 16:15:19。
     1>项目“d:\dev\my\VSProjects\Jni-demo\Jni-demo\Jni-demo.vcxproj”在节点 2 上(build 个目标)。
     1>PrepareForBuild:
         正在创建目录“d:\dev\my\VSProjects\Jni-demo\Debug\”。
       InitializeBuildStatus:
         正在创建“Debug\Jni-demo.unsuccessfulbuild”，因为已指定“AlwaysCreate”。
       ClCompile:
         d:\apps\Microsoft Visual Studio 10.0\VC\bin\CL.exe /c /ZI /nologo /W3 /WX- /Od /Oy- /D WIN32 /D _DEBUG /D _WINDOWS /D _USRDLL /D JNIDEMO_EXPORTS /D _WINDLL /D _UNICODE /D UNICODE /Gm /EHsc /RTC1 /MDd /GS /fp:precise /Zc:wchar_t /Zc:forScope /Yc"StdAfx.h" /Fp"Debug\Jni-demo.pch" /Fo"Debug\\" /Fd"Debug\vc100.pdb" /Gd /TP /analyze- /errorReport:prompt stdafx.cpp
         stdafx.cpp
         d:\apps\Microsoft Visual Studio 10.0\VC\bin\CL.exe /c /ZI /nologo /W3 /WX- /Od /Oy- /D WIN32 /D _DEBUG /D _WINDOWS /D _USRDLL /D JNIDEMO_EXPORTS /D _WINDLL /D _UNICODE /D UNICODE /Gm /EHsc /RTC1 /MDd /GS /fp:precise /Zc:wchar_t /Zc:forScope /Fo"Debug\\" /Fd"Debug\vc100.pdb" /Gd /TP /analyze- /errorReport:prompt dllmain.cpp
         dllmain.cpp
         d:\apps\Microsoft Visual Studio 10.0\VC\bin\CL.exe /c /ZI /nologo /W3 /WX- /Od /Oy- /D WIN32 /D _DEBUG /D _WINDOWS /D _USRDLL /D JNIDEMO_EXPORTS /D _WINDLL /D _UNICODE /D UNICODE /Gm /EHsc /RTC1 /MDd /GS /fp:precise /Zc:wchar_t /Zc:forScope /Yu"StdAfx.h" /Fp"Debug\Jni-demo.pch" /Fo"Debug\\" /Fd"Debug\vc100.pdb" /Gd /TP /analyze- /errorReport:prompt "Jni-demo.cpp"
         Jni-demo.cpp
       ManifestResourceCompile:
         C:\Program Files (x86)\Microsoft SDKs\Windows\v7.0A\bin\rc.exe /nologo /fo"Debug\Jni-demo.dll.embed.manifest.res" Debug\Jni-demo_manifest.rc 
       Link:
         d:\apps\Microsoft Visual Studio 10.0\VC\bin\link.exe /ERRORREPORT:PROMPT /OUT:"d:\dev\my\VSProjects\Jni-demo\Debug\Jni-demo.dll" /INCREMENTAL /NOLOGO kernel32.lib user32.lib gdi32.lib winspool.lib comdlg32.lib advapi32.lib shell32.lib ole32.lib oleaut32.lib uuid.lib odbc32.lib odbccp32.lib /MANIFEST /ManifestFile:"Debug\Jni-demo.dll.intermediate.manifest" /MANIFESTUAC:"level='asInvoker' uiAccess='false'" /DEBUG /PDB:"d:\dev\my\VSProjects\Jni-demo\Debug\Jni-demo.pdb" /SUBSYSTEM:WINDOWS /TLBID:1 /DYNAMICBASE /NXCOMPAT /IMPLIB:"d:\dev\my\VSProjects\Jni-demo\Debug\Jni-demo.lib" /MACHINE:X86 /DLL "Debug\Jni-demo.dll.embed.manifest.res"
         Debug\dllmain.obj
         "Debug\Jni-demo.obj"
         Debug\stdafx.obj
     1>LINK : fatal error LNK1123: 转换到 COFF 期间失败: 文件无效或损坏
     1>已完成生成项目“d:\dev\my\VSProjects\Jni-demo\Jni-demo\Jni-demo.vcxproj”(build 个目标)的操作 - 失败。

生成失败。

已用时间 00:00:04.18
